  main.cpp
C:\Users\crike\Desktop\ChristWareAmongUs-master\ChristWareAmongUs-master\appdata\il2cpp-types.h(4603,29): warning C4359: 'app::StackFrame__Fields': el especificador de alinieación es menor que la alineación real (8), y se omitirá.
C:\Users\crike\Desktop\ChristWareAmongUs-master\ChristWareAmongUs-master\appdata\il2cpp-types.h(17371,29): warning C4359: 'app::X509Certificate__Fields': el especificador de alinieación es menor que la alineación real (8), y se omitirá.
C:\Users\crike\Desktop\ChristWareAmongUs-master\ChristWareAmongUs-master\appdata\il2cpp-types.h(20848,29): warning C4359: 'app::LocalDataStoreElement__Fields': el especificador de alinieación es menor que la alineación real (8), y se omitirá.
C:\Users\crike\Desktop\ChristWareAmongUs-master\ChristWareAmongUs-master\appdata\il2cpp-types.h(20867,29): warning C4359: 'app::LocalDataStoreMgr__Fields': el especificador de alinieación es menor que la alineación real (8), y se omitirá.
C:\Users\crike\Desktop\ChristWareAmongUs-master\ChristWareAmongUs-master\appdata\il2cpp-types.h(20939,29): warning C4359: 'app::LocalDataStoreSlot__Fields': el especificador de alinieación es menor que la alineación real (8), y se omitirá.
C:\Users\crike\Desktop\ChristWareAmongUs-master\ChristWareAmongUs-master\appdata\il2cpp-types.h(27508,29): warning C4359: 'app::TimeZoneInfo_AdjustmentRule__Fields': el especificador de alinieación es menor que la alineación real (8), y se omitirá.
C:\Users\crike\Desktop\ChristWareAmongUs-master\ChristWareAmongUs-master\appdata\il2cpp-types.h(27674,29): warning C4359: 'app::TimeZoneInfo__Fields': el especificador de alinieación es menor que la alineación real (8), y se omitirá.
C:\Users\crike\Desktop\ChristWareAmongUs-master\ChristWareAmongUs-master\appdata\il2cpp-types.h(31965,29): warning C4359: 'app::InternalThread__Fields': el especificador de alinieación es menor que la alineación real (8), y se omitirá.
C:\Users\crike\Desktop\ChristWareAmongUs-master\ChristWareAmongUs-master\appdata\il2cpp-types.h(36509,29): warning C4359: 'app::ResourceReader__Fields': el especificador de alinieación es menor que la alineación real (8), y se omitirá.
C:\Users\crike\Desktop\ChristWareAmongUs-master\ChristWareAmongUs-master\appdata\il2cpp-types.h(42380,29): warning C4359: 'app::EraInfo__Fields': el especificador de alinieación es menor que la alineación real (8), y se omitirá.
C:\Users\crike\Desktop\ChristWareAmongUs-master\ChristWareAmongUs-master\appdata\il2cpp-types.h(42416,29): warning C4359: 'app::GregorianCalendarHelper__Fields': el especificador de alinieación es menor que la alineación real (8), y se omitirá.
C:\Users\crike\Desktop\ChristWareAmongUs-master\ChristWareAmongUs-master\appdata\il2cpp-types.h(50632,29): warning C4359: 'app::SHA1Internal__Fields': el especificador de alinieación es menor que la alineación real (8), y se omitirá.
C:\Users\crike\Desktop\ChristWareAmongUs-master\ChristWareAmongUs-master\appdata\il2cpp-types.h(51310,29): warning C4359: 'app::ObjectManager__Fields': el especificador de alinieación es menor que la alineación real (8), y se omitirá.
C:\Users\crike\Desktop\ChristWareAmongUs-master\ChristWareAmongUs-master\appdata\il2cpp-types.h(51327,29): warning C4359: 'app::ObjectHolder__Fields': el especificador de alinieación es menor que la alineación real (8), y se omitirá.
C:\Users\crike\Desktop\ChristWareAmongUs-master\ChristWareAmongUs-master\appdata\il2cpp-types.h(51366,29): warning C4359: 'app::FixupHolder__Fields': el especificador de alinieación es menor que la alineación real (8), y se omitirá.
C:\Users\crike\Desktop\ChristWareAmongUs-master\ChristWareAmongUs-master\appdata\il2cpp-types.h(51399,29): warning C4359: 'app::ValueTypeFixupInfo__Fields': el especificador de alinieación es menor que la alineación real (8), y se omitirá.
C:\Users\crike\Desktop\ChristWareAmongUs-master\ChristWareAmongUs-master\appdata\il2cpp-types.h(52135,29): warning C4359: 'app::WriteObjectInfo__Fields': el especificador de alinieación es menor que la alineación real (8), y se omitirá.
C:\Users\crike\Desktop\ChristWareAmongUs-master\ChristWareAmongUs-master\appdata\il2cpp-types.h(52228,29): warning C4359: 'app::ObjectWriter__Fields': el especificador de alinieación es menor que la alineación real (8), y se omitirá.
C:\Users\crike\Desktop\ChristWareAmongUs-master\ChristWareAmongUs-master\appdata\il2cpp-types.h(52355,29): warning C4359: 'app::_BinaryParser__Fields': el especificador de alinieación es menor que la alineación real (8), y se omitirá.
C:\Users\crike\Desktop\ChristWareAmongUs-master\ChristWareAmongUs-master\appdata\il2cpp-types.h(52387,29): warning C4359: 'app::ObjectReader__Fields': el especificador de alinieación es menor que la alineación real (8), y se omitirá.
C:\Users\crike\Desktop\ChristWareAmongUs-master\ChristWareAmongUs-master\appdata\il2cpp-types.h(52610,29): warning C4359: 'app::ParseRecord__Fields': el especificador de alinieación es menor que la alineación real (8), y se omitirá.
C:\Users\crike\Desktop\ChristWareAmongUs-master\ChristWareAmongUs-master\appdata\il2cpp-types.h(54407,29): warning C4359: 'app::NameInfo__Fields': el especificador de alinieación es menor que la alineación real (8), y se omitirá.
C:\Users\crike\Desktop\ChristWareAmongUs-master\ChristWareAmongUs-master\appdata\il2cpp-types.h(55783,29): warning C4359: 'app::AsyncResult__Fields': el especificador de alinieación es menor que la alineación real (8), y se omitirá.
C:\Users\crike\Desktop\ChristWareAmongUs-master\ChristWareAmongUs-master\appdata\il2cpp-types.h(58301,29): warning C4359: 'app::DateTimeConstantAttribute__Fields': el especificador de alinieación es menor que la alineación real (8), y se omitirá.
C:\Users\crike\Desktop\ChristWareAmongUs-master\ChristWareAmongUs-master\appdata\il2cpp-types.h(60593,29): warning C4359: 'app::EventSource__Fields': el especificador de alinieación es menor que la alineación real (8), y se omitirá.
C:\Users\crike\Desktop\ChristWareAmongUs-master\ChristWareAmongUs-master\appdata\il2cpp-types.h(61154,29): warning C4359: 'app::EventProvider__Fields': el especificador de alinieación es menor que la alineación real (8), y se omitirá.
C:\Users\crike\Desktop\ChristWareAmongUs-master\ChristWareAmongUs-master\appdata\il2cpp-types.h(61366,29): warning C4359: 'app::ActivityTracker_ActivityInfo__Fields': el especificador de alinieación es menor que la alineación real (8), y se omitirá.
C:\Users\crike\Desktop\ChristWareAmongUs-master\ChristWareAmongUs-master\appdata\il2cpp-types.h(69725,29): warning C4359: 'app::XmlReaderSettings__Fields': el especificador de alinieación es menor que la alineación real (8), y se omitirá.
C:\Users\crike\Desktop\ChristWareAmongUs-master\ChristWareAmongUs-master\appdata\il2cpp-types.h(70413,29): warning C4359: 'app::SchemaDeclBase__Fields': el especificador de alinieación es menor que la alineación real (8), y se omitirá.
C:\Users\crike\Desktop\ChristWareAmongUs-master\ChristWareAmongUs-master\appdata\il2cpp-types.h(71713,29): warning C4359: 'app::XmlTextReaderImpl__Fields': el especificador de alinieación es menor que la alineación real (8), y se omitirá.
C:\Users\crike\Desktop\ChristWareAmongUs-master\ChristWareAmongUs-master\appdata\il2cpp-types.h(78176,29): warning C4359: 'app::X509Certificate_2__Fields': el especificador de alinieación es menor que la alineación real (8), y se omitirá.
C:\Users\crike\Desktop\ChristWareAmongUs-master\ChristWareAmongUs-master\appdata\il2cpp-types.h(78986,29): warning C4359: 'app::MonoTlsSettings__Fields': el especificador de alinieación es menor que la alineación real (8), y se omitirá.
C:\Users\crike\Desktop\ChristWareAmongUs-master\ChristWareAmongUs-master\appdata\il2cpp-types.h(79116,29): warning C4359: 'app::X509ChainPolicy__Fields': el especificador de alinieación es menor que la alineación real (8), y se omitirá.
C:\Users\crike\Desktop\ChristWareAmongUs-master\ChristWareAmongUs-master\appdata\il2cpp-types.h(87204,29): warning C4359: 'app::XPathScanner__Fields': el especificador de alinieación es menor que la alineación real (8), y se omitirá.
C:\Users\crike\Desktop\ChristWareAmongUs-master\ChristWareAmongUs-master\appdata\il2cpp-types.h(97824,29): warning C4359: 'app::Regex__Fields': el especificador de alinieación es menor que la alineación real (8), y se omitirá.
C:\Users\crike\Desktop\ChristWareAmongUs-master\ChristWareAmongUs-master\appdata\il2cpp-types.h(98789,29): warning C4359: 'app::XmlAtomicValue__Fields': el especificador de alinieación es menor que la alineación real (8), y se omitirá.
C:\Users\crike\Desktop\ChristWareAmongUs-master\ChristWareAmongUs-master\appdata\il2cpp-types.h(100412,29): warning C4359: 'app::UnityTls_unitytls_interface_struct__Fields': el especificador de alinieación es menor que la alineación real (8), y se omitirá.
C:\Users\crike\Desktop\ChristWareAmongUs-master\ChristWareAmongUs-master\appdata\il2cpp-types.h(103755,29): warning C4359: 'app::IPAddress__Fields': el especificador de alinieación es menor que la alineación real (8), y se omitirá.
C:\Users\crike\Desktop\ChristWareAmongUs-master\ChristWareAmongUs-master\appdata\il2cpp-types.h(103948,29): warning C4359: 'app::ServicePoint__Fields': el especificador de alinieación es menor que la alineación real (8), y se omitirá.
C:\Users\crike\Desktop\ChristWareAmongUs-master\ChristWareAmongUs-master\appdata\il2cpp-types.h(104064,29): warning C4359: 'app::WebConnectionGroup_ConnectionState__Fields': el especificador de alinieación es menor que la alineación real (8), y se omitirá.
C:\Users\crike\Desktop\ChristWareAmongUs-master\ChristWareAmongUs-master\appdata\il2cpp-types.h(104419,29): warning C4359: 'app::CookieCollection__Fields': el especificador de alinieación es menor que la alineación real (8), y se omitirá.
C:\Users\crike\Desktop\ChristWareAmongUs-master\ChristWareAmongUs-master\appdata\il2cpp-types.h(108564,29): warning C4359: 'app::Stopwatch__Fields': el especificador de alinieación es menor que la alineación real (8), y se omitirá.
C:\Users\crike\Desktop\ChristWareAmongUs-master\ChristWareAmongUs-master\appdata\il2cpp-types.h(111542,29): warning C4359: 'app::Cookie__Fields': el especificador de alinieación es menor que la alineación real (8), y se omitirá.
C:\Users\crike\Desktop\ChristWareAmongUs-master\ChristWareAmongUs-master\appdata\il2cpp-types.h(112349,29): warning C4359: 'app::DigestSession__Fields': el especificador de alinieación es menor que la alineación real (8), y se omitirá.
C:\Users\crike\Desktop\ChristWareAmongUs-master\ChristWareAmongUs-master\appdata\il2cpp-types.h(115619,29): warning C4359: 'app::Win32IPInterfaceProperties2__Fields': el especificador de alinieación es menor que la alineación real (8), y se omitirá.
C:\Users\crike\Desktop\ChristWareAmongUs-master\ChristWareAmongUs-master\appdata\il2cpp-types.h(116052,29): warning C4359: 'app::Win32NetworkInterface2__Fields': el especificador de alinieación es menor que la alineación real (8), y se omitirá.
C:\Users\crike\Desktop\ChristWareAmongUs-master\ChristWareAmongUs-master\appdata\il2cpp-types.h(140759,29): warning C4359: 'app::EventBase__Fields': el especificador de alinieación es menor que la alineación real (8), y se omitirá.
C:\Users\crike\Desktop\ChristWareAmongUs-master\ChristWareAmongUs-master\appdata\il2cpp-types.h(156373,29): warning C4359: 'app::Asn1Node__Fields': el especificador de alinieación es menor que la alineación real (8), y se omitirá.
C:\Users\crike\Desktop\ChristWareAmongUs-master\ChristWareAmongUs-master\appdata\il2cpp-types.h(156429,29): warning C4359: 'app::X509Cert__Fields': el especificador de alinieación es menor que la alineación real (8), y se omitirá.
C:\Users\crike\Desktop\ChristWareAmongUs-master\ChristWareAmongUs-master\appdata\il2cpp-types.h(156997,29): warning C4359: 'app::AppleReceipt__Fields': el especificador de alinieación es menor que la alineación real (8), y se omitirá.
C:\Users\crike\Desktop\ChristWareAmongUs-master\ChristWareAmongUs-master\appdata\il2cpp-types.h(157013,29): warning C4359: 'app::AppleInAppPurchaseReceipt__Fields': el especificador de alinieación es menor que la alineación real (8), y se omitirá.
C:\Users\crike\Desktop\ChristWareAmongUs-master\ChristWareAmongUs-master\appdata\il2cpp-types.h(157330,29): warning C4359: 'app::PayoutDefinition__Fields': el especificador de alinieación es menor que la alineación real (8), y se omitirá.
C:\Users\crike\Desktop\ChristWareAmongUs-master\ChristWareAmongUs-master\appdata\il2cpp-types.h(160505,29): warning C4359: 'app::ProfileData__Fields': el especificador de alinieación es menor que la alineación real (8), y se omitirá.
C:\Users\crike\Desktop\ChristWareAmongUs-master\ChristWareAmongUs-master\appdata\il2cpp-types.h(175987,29): warning C4359: 'app::Price__Fields': el especificador de alinieación es menor que la alineación real (8), y se omitirá.
C:\Users\crike\Desktop\ChristWareAmongUs-master\ChristWareAmongUs-master\appdata\il2cpp-types.h(176156,29): warning C4359: 'app::ProductCatalogPayout__Fields': el especificador de alinieación es menor que la alineación real (8), y se omitirá.
C:\Users\crike\Desktop\ChristWareAmongUs-master\ChristWareAmongUs-master\appdata\il2cpp-types.h(177002,29): warning C4359: 'app::SubscriptionInfo__Fields': el especificador de alinieación es menor que la alineación real (8), y se omitirá.
C:\Users\crike\Desktop\ChristWareAmongUs-master\ChristWareAmongUs-master\appdata\il2cpp-types.h(178590,29): warning C4359: 'app::ConnectionStatistics__Fields': el especificador de alinieación es menor que la alineación real (8), y se omitirá.
C:\Users\crike\Desktop\ChristWareAmongUs-master\ChristWareAmongUs-master\appdata\il2cpp-types.h(182049,29): warning C4359: 'app::UPnPHelper__Fields': el especificador de alinieación es menor que la alineación real (8), y se omitirá.
C:\Users\crike\Desktop\ChristWareAmongUs-master\ChristWareAmongUs-master\appdata\il2cpp-types.h(182180,29): warning C4359: 'app::BroadcastPacket__Fields': el especificador de alinieación es menor que la alineación real (8), y se omitirá.
C:\Users\crike\Desktop\ChristWareAmongUs-master\ChristWareAmongUs-master\appdata\il2cpp-types.h(187374,29): warning C4359: 'app::gameserveritem_t__Fields': el especificador de alinieación es menor que la alineación real (8), y se omitirá.
C:\Users\crike\Desktop\ChristWareAmongUs-master\ChristWareAmongUs-master\appdata\il2cpp-types.h(246137,29): warning C4359: 'app::StatsManager__Fields': el especificador de alinieación es menor que la alineación real (8), y se omitirá.
C:\Users\crike\Desktop\ChristWareAmongUs-master\ChristWareAmongUs-master\appdata\il2cpp-types.h(251941,29): warning C4359: 'app::Reward__Fields': el especificador de alinieación es menor que la alineación real (8), y se omitirá.
C:\Users\crike\Desktop\ChristWareAmongUs-master\ChristWareAmongUs-master\appdata\il2cpp-types.h(252028,29): warning C4359: 'app::AdRequest__Fields': el especificador de alinieación es menor que la alineación real (8), y se omitirá.
C:\Users\crike\Desktop\ChristWareAmongUs-master\ChristWareAmongUs-master\appdata\il2cpp-types.h(252895,29): warning C4359: 'app::AdRequest_Builder__Fields': el especificador de alinieación es menor que la alineación real (8), y se omitirá.
C:\Users\crike\Desktop\ChristWareAmongUs-master\ChristWareAmongUs-master\appdata\il2cpp-types.h(261560,29): warning C4359: 'app::CallResult_1_System_Object___Fields': el especificador de alinieación es menor que la alineación real (8), y se omitirá.
C:\Users\crike\Desktop\ChristWareAmongUs-master\ChristWareAmongUs-master\user\main.cpp(47,37): warning C4244: '=': conversión de 'LONG' a 'float'; posible pérdida de datos
C:\Users\crike\Desktop\ChristWareAmongUs-master\ChristWareAmongUs-master\user\main.cpp(48,37): warning C4244: '=': conversión de 'LONG' a 'float'; posible pérdida de datos
C:\Users\crike\Desktop\ChristWareAmongUs-master\ChristWareAmongUs-master\user\main.cpp(180,36): warning C4305: 'inicializando': truncamiento de 'double' a 'float'
C:\Users\crike\Desktop\ChristWareAmongUs-master\ChristWareAmongUs-master\user\main.cpp(338,32): warning C4018: '<': no coinciden signed/unsigned
  Generando código
  592 of 1553 functions (38.1%) were compiled, the rest were copied from previous compilation.
    0 functions were new in current compilation
    196 functions had inline decision re-evaluated but remain unchanged
  Generación de código finalizada
detours.lib(detours.obj) : warning LNK4099: no se encontró PDB 'detours.pdb' con 'detours.lib(detours.obj)' o en 'C:\Users\crike\Desktop\ChristWareAmongUs-master\ChristWareAmongUs-master\Release\detours.pdb'; se vinculará el objeto sin tener en cuenta información de depuración
detours.lib(modules.obj) : warning LNK4099: no se encontró PDB 'detours.pdb' con 'detours.lib(modules.obj)' o en 'C:\Users\crike\Desktop\ChristWareAmongUs-master\ChristWareAmongUs-master\Release\detours.pdb'; se vinculará el objeto sin tener en cuenta información de depuración
detours.lib(disasm.obj) : warning LNK4099: no se encontró PDB 'detours.pdb' con 'detours.lib(disasm.obj)' o en 'C:\Users\crike\Desktop\ChristWareAmongUs-master\ChristWareAmongUs-master\Release\detours.pdb'; se vinculará el objeto sin tener en cuenta información de depuración
  ChristWareAmongUs.vcxproj -> C:\Users\crike\Desktop\ChristWareAmongUs-master\ChristWareAmongUs-master\Release\ChristWareAU.dll
